<?xml version="1.0" encoding="UTF-8"?>
<!-- Generated by org.testng.reporters.JUnitXMLReporter -->
<testsuite ignored="0" hostname="DESKTOP-LO4980K" failures="0" tests="6" name="Test" time="0.225" errors="0" timestamp="16 set 2018 10:02:45 GMT">
  <testcase classname="regressionTests.TC001_LoginTest_AllowedUsers" name="@BeforeClass beforeClass" time="0.099">
    <failure type="java.lang.IllegalStateException" message="The path to the driver executable must be set by the webdriver.chrome.driver system property; for more information, see https://github.com/SeleniumHQ/selenium/wiki/ChromeDriver. The latest version can be downloaded from http://chromedriver.storage.googleapis.com/index.html">
      <![CDATA[java.lang.IllegalStateException: The path to the driver executable must be set by the webdriver.chrome.driver system property; for more information, see https://github.com/SeleniumHQ/selenium/wiki/ChromeDriver. The latest version can be downloaded from http://chromedriver.storage.googleapis.com/index.html
at com.google.common.base.Preconditions.checkState(Preconditions.java:199)
at org.openqa.selenium.remote.service.DriverService.findExecutable(DriverService.java:109)
at org.openqa.selenium.chrome.ChromeDriverService.access$000(ChromeDriverService.java:32)
at org.openqa.selenium.chrome.ChromeDriverService$Builder.findDefaultExecutable(ChromeDriverService.java:137)
at org.openqa.selenium.remote.service.DriverService$Builder.build(DriverService.java:296)
at org.openqa.selenium.chrome.ChromeDriverService.createDefaultService(ChromeDriverService.java:88)
at org.openqa.selenium.chrome.ChromeDriver.<init>(ChromeDriver.java:116)
at regressionTests.TC001_LoginTest_AllowedUsers.beforeClass(TC001_LoginTest_AllowedUsers.java:27)
... Removed 26 stack frames]]>
    </failure>
  </testcase> <!-- @BeforeClass beforeClass -->
  <testcase classname="regressionTests.TC001_LoginTest_AllowedUsers" name="@AfterClass afterClass" time="0.0">
    <skipped/>
  </testcase> <!-- @AfterClass afterClass -->
  <testcase classname="regressionTests.TC002_LoginTest_DeniedUsers" name="@BeforeClass beforeClass" time="0.003">
    <failure type="java.lang.IllegalStateException" message="The driver executable does not exist: C:\Users\luh\Documents\ecore\project\phptravelproject\driver\chromedriver.exe">
      <![CDATA[java.lang.IllegalStateException: The driver executable does not exist: C:\Users\luh\Documents\ecore\project\phptravelproject\driver\chromedriver.exe
at com.google.common.base.Preconditions.checkState(Preconditions.java:199)
at org.openqa.selenium.remote.service.DriverService.checkExecutable(DriverService.java:121)
at org.openqa.selenium.remote.service.DriverService.findExecutable(DriverService.java:116)
at org.openqa.selenium.chrome.ChromeDriverService.access$000(ChromeDriverService.java:32)
at org.openqa.selenium.chrome.ChromeDriverService$Builder.findDefaultExecutable(ChromeDriverService.java:137)
at org.openqa.selenium.remote.service.DriverService$Builder.build(DriverService.java:296)
at org.openqa.selenium.chrome.ChromeDriverService.createDefaultService(ChromeDriverService.java:88)
at org.openqa.selenium.chrome.ChromeDriver.<init>(ChromeDriver.java:116)
at regressionTests.TC002_LoginTest_DeniedUsers.beforeClass(TC002_LoginTest_DeniedUsers.java:26)
... Removed 26 stack frames]]>
    </failure>
  </testcase> <!-- @BeforeClass beforeClass -->
  <testcase classname="regressionTests.TC002_LoginTest_DeniedUsers" name="@AfterClass afterClass" time="0.0">
    <skipped/>
  </testcase> <!-- @AfterClass afterClass -->
  <testcase classname="regressionTests.TC003_InvoiceInformationsValidation" name="@BeforeClass beforeClass" time="0.005">
    <failure type="java.lang.IllegalStateException" message="The driver executable does not exist: C:\Users\luh\Documents\ecore\project\phptravelproject\driver\chromedriver.exe">
      <![CDATA[java.lang.IllegalStateException: The driver executable does not exist: C:\Users\luh\Documents\ecore\project\phptravelproject\driver\chromedriver.exe
at com.google.common.base.Preconditions.checkState(Preconditions.java:199)
at org.openqa.selenium.remote.service.DriverService.checkExecutable(DriverService.java:121)
at org.openqa.selenium.remote.service.DriverService.findExecutable(DriverService.java:116)
at org.openqa.selenium.chrome.ChromeDriverService.access$000(ChromeDriverService.java:32)
at org.openqa.selenium.chrome.ChromeDriverService$Builder.findDefaultExecutable(ChromeDriverService.java:137)
at org.openqa.selenium.remote.service.DriverService$Builder.build(DriverService.java:296)
at org.openqa.selenium.chrome.ChromeDriverService.createDefaultService(ChromeDriverService.java:88)
at org.openqa.selenium.chrome.ChromeDriver.<init>(ChromeDriver.java:116)
at regressionTests.TC003_InvoiceInformationsValidation.beforeClass(TC003_InvoiceInformationsValidation.java:55)
... Removed 26 stack frames]]>
    </failure>
  </testcase> <!-- @BeforeClass beforeClass -->
  <testcase classname="regressionTests.TC003_InvoiceInformationsValidation" name="@AfterClass afterClass" time="0.0">
    <skipped/>
  </testcase> <!-- @AfterClass afterClass -->
  <testcase classname="regressionTests.TC001_LoginTest_AllowedUsers" name="Login_ValidCredentials" time="0.0">
    <skipped/>
  </testcase> <!-- Login_ValidCredentials -->
  <testcase classname="regressionTests.TC002_LoginTest_DeniedUsers" name="Login_InvalidCredentials" time="0.0">
    <skipped/>
  </testcase> <!-- Login_InvalidCredentials -->
  <testcase classname="regressionTests.TC002_LoginTest_DeniedUsers" name="Login_InvalidCredentials" time="0.0">
    <skipped/>
  </testcase> <!-- Login_InvalidCredentials -->
  <testcase classname="regressionTests.TC002_LoginTest_DeniedUsers" name="Login_InvalidCredentials" time="0.0">
    <skipped/>
  </testcase> <!-- Login_InvalidCredentials -->
  <testcase classname="regressionTests.TC002_LoginTest_DeniedUsers" name="Login_InvalidCredentials" time="0.0">
    <skipped/>
  </testcase> <!-- Login_InvalidCredentials -->
  <testcase classname="regressionTests.TC003_InvoiceInformationsValidation" name="InvoiceInformations" time="0.0">
    <skipped/>
  </testcase> <!-- InvoiceInformations -->
</testsuite> <!-- Test -->
